<?xml version="1.0" encoding="UTF-8"?>
<testsuite name="Academy choucair" tests="1" skipped="1" failures="0" errors="0" timestamp="2021-09-08T09:56:27" hostname="der-Apparat" time="20.97">
  <properties/>
  <testcase name="Search for an automation course" classname="Academy choucair" time="20.97">
    <skipped/>
  </testcase>
  <system-out><![CDATA[]]></system-out>
  <system-err><![CDATA[[Test worker] WARN net.thucydides.core.steps.BaseStepListener - stepStarted: net.thucydides.core.steps.ExecutedStepDescription@4eb61fa1
[Test worker] WARN net.thucydides.core.steps.BaseStepListener - stepStarted: net.thucydides.core.steps.ExecutedStepDescription@14f242af
[Test worker] WARN net.thucydides.core.steps.BaseStepListener - stepStarted: net.thucydides.core.steps.ExecutedStepDescription@80a505c
sept. 08, 2021 4:56:28 A. M. org.openqa.selenium.remote.DesiredCapabilities chrome
INFORMACIÓN: Using `new ChromeOptions()` is preferred to `DesiredCapabilities.chrome()`
[Test worker] INFO net.serenitybdd.core.webdriver.driverproviders.ProvideNewDriver - Instantiating driver
[Test worker] INFO net.serenitybdd.core.webdriver.driverproviders.ProvideNewDriver - Driver capabilities: Capabilities {acceptInsecureCerts: false, browserName: chrome, chrome.switches: --start-maximized, goog:chromeOptions: {args: [--start-maximized], extensions: []}, loggingPrefs: org.openqa.selenium.logging..., platform: ANY, version: }
Starting ChromeDriver 92.0.4515.107 (87a818b10553a07434ea9e2b6dccf3cbe7895134-refs/branch-heads/4515@{#1634}) on port 5546
Only local connections are allowed.
Please see https://chromedriver.chromium.org/security-considerations for suggestions on keeping ChromeDriver safe.
ChromeDriver was started successfully.
[1631094993,319][WARNING]: This version of ChromeDriver has not been tested with Chrome version 93.
sept. 08, 2021 4:56:33 A. M. org.openqa.selenium.remote.ProtocolHandshake createSession
INFORMACIÓN: Detected dialect: W3C
[Test worker] WARN net.thucydides.core.steps.BaseStepListener - stepFinished: current outcome:Search for an automation course:Given than brandon wants to learn automation at the academy choucair
| strUser | strPassword |
| 1128477647 | Choucair2021* | [Brandon open up [Brandon opens the Choucair academy page]]
[Test worker] WARN net.thucydides.core.steps.BaseStepListener - stepFinished: current outcome:Search for an automation course:Given than brandon wants to learn automation at the academy choucair
| strUser | strPassword |
| 1128477647 | Choucair2021* | [Brandon open up [Brandon opens the Choucair academy page]]
[Test worker] WARN net.thucydides.core.steps.BaseStepListener - stepStarted: net.thucydides.core.steps.ExecutedStepDescription@4bbd8dc5
[Test worker] WARN net.thucydides.core.steps.BaseStepListener - stepStarted: net.thucydides.core.steps.ExecutedStepDescription@611d473e
[Test worker] WARN net.thucydides.core.steps.BaseStepListener - stepFinished: current outcome:Search for an automation course:Given than brandon wants to learn automation at the academy choucair
| strUser | strPassword |
| 1128477647 | Choucair2021* | [Brandon open up [Brandon opens the Choucair academy page], Brandon login [Brandon clicks on button that show us the form to login]]
[Test worker] WARN net.thucydides.core.steps.BaseStepListener - stepStarted: net.thucydides.core.steps.ExecutedStepDescription@47e6c3f0
[Test worker] WARN net.thucydides.core.steps.BaseStepListener - stepFinished: current outcome:Search for an automation course:Given than brandon wants to learn automation at the academy choucair
| strUser | strPassword |
| 1128477647 | Choucair2021* | [Brandon open up [Brandon opens the Choucair academy page], Brandon login [Brandon clicks on button that show us the form to login, Brandon enters '1128477647' into where do we write the user]]
[Test worker] WARN net.thucydides.core.steps.BaseStepListener - stepStarted: net.thucydides.core.steps.ExecutedStepDescription@38c389ac
[Test worker] WARN net.thucydides.core.steps.BaseStepListener - stepFinished: current outcome:Search for an automation course:Given than brandon wants to learn automation at the academy choucair
| strUser | strPassword |
| 1128477647 | Choucair2021* | [Brandon open up [Brandon opens the Choucair academy page], Brandon login [Brandon clicks on button that show us the form to login, Brandon enters '1128477647' into where do we write the user, Brandon enters 'Choucair2021*' into here do we write the password]]
[Test worker] WARN net.thucydides.core.steps.BaseStepListener - stepStarted: net.thucydides.core.steps.ExecutedStepDescription@1c06d242
[Test worker] WARN net.thucydides.core.steps.BaseStepListener - stepFinished: current outcome:Search for an automation course:Given than brandon wants to learn automation at the academy choucair
| strUser | strPassword |
| 1128477647 | Choucair2021* | [Brandon open up [Brandon opens the Choucair academy page], Brandon login [Brandon clicks on button that show us the form to login, Brandon enters '1128477647' into where do we write the user, Brandon enters 'Choucair2021*' into here do we write the password, Brandon clicks on button to confirm login]]
[Test worker] WARN net.thucydides.core.steps.BaseStepListener - stepFinished: current outcome:Search for an automation course:Given than brandon wants to learn automation at the academy choucair
| strUser | strPassword |
| 1128477647 | Choucair2021* | [Brandon open up [Brandon opens the Choucair academy page], Brandon login [Brandon clicks on button that show us the form to login, Brandon enters '1128477647' into where do we write the user, Brandon enters 'Choucair2021*' into here do we write the password, Brandon clicks on button to confirm login]]
[Test worker] WARN net.thucydides.core.steps.BaseStepListener - stepFinished: current outcome:Search for an automation course:Given than brandon wants to learn automation at the academy choucair
| strUser | strPassword |
| 1128477647 | Choucair2021* | [Brandon open up [Brandon opens the Choucair academy page], Brandon login [Brandon clicks on button that show us the form to login, Brandon enters '1128477647' into where do we write the user, Brandon enters 'Choucair2021*' into here do we write the password, Brandon clicks on button to confirm login]]
[Test worker] WARN net.thucydides.core.steps.BaseStepListener - stepStarted: net.thucydides.core.steps.ExecutedStepDescription@65dc152d
[Test worker] INFO net.thucydides.core.steps.ConsoleLoggingListener - TEST PENDING
[Test worker] WARN net.thucydides.core.steps.BaseStepListener - stepStarted: net.thucydides.core.steps.ExecutedStepDescription@5ffeae8e
[Test worker] WARN net.thucydides.core.steps.BaseStepListener - testFinished: Search for an automation course:Given than brandon wants to learn automation at the academy choucair
| strUser | strPassword |
| 1128477647 | Choucair2021* | [Brandon open up [Brandon opens the Choucair academy page], Brandon login [Brandon clicks on button that show us the form to login, Brandon enters '1128477647' into where do we write the user, Brandon enters 'Choucair2021*' into here do we write the password, Brandon clicks on button to confirm login]], When he search for for the course on the choucair academy platform
| strCourse |
| Metodología Bancolombia |, Then he finds the course called resources
| strCourse |
| Metodología Bancolombia |
[Test worker] WARN net.thucydides.core.steps.BaseStepListener - TestOutcomes: [Search for an automation course:Given than brandon wants to learn automation at the academy choucair
| strUser | strPassword |
| 1128477647 | Choucair2021* | [Brandon open up [Brandon opens the Choucair academy page], Brandon login [Brandon clicks on button that show us the form to login, Brandon enters '1128477647' into where do we write the user, Brandon enters 'Choucair2021*' into here do we write the password, Brandon clicks on button to confirm login]], When he search for for the course on the choucair academy platform
| strCourse |
| Metodología Bancolombia |, Then he finds the course called resources
| strCourse |
| Metodología Bancolombia |]
[Test worker] WARN net.thucydides.core.steps.BaseStepListener - Final testOutcomes: [Search for an automation course:Given than brandon wants to learn automation at the academy choucair
| strUser | strPassword |
| 1128477647 | Choucair2021* | [Brandon open up [Brandon opens the Choucair academy page], Brandon login [Brandon clicks on button that show us the form to login, Brandon enters '1128477647' into where do we write the user, Brandon enters 'Choucair2021*' into here do we write the password, Brandon clicks on button to confirm login]], When he search for for the course on the choucair academy platform
| strCourse |
| Metodología Bancolombia |, Then he finds the course called resources
| strCourse |
| Metodología Bancolombia |]
[Test worker] INFO net.thucydides.core.steps.ConsoleLoggingListener - 
          __  _____ _____ ____ _____   ____  _____ _   _ ____ ___ _   _  ____ 
 _       / / |_   _| ____/ ___|_   _| |  _ \| ____| \ | |  _ \_ _| \ | |/ ___|
(_)____ / /    | | |  _| \___ \ | |   | |_) |  _| |  \| | | | | ||  \| | |  _ 
 |_____/ /     | | | |___ ___) || |   |  __/| |___| |\  | |_| | || |\  | |_| |
(_)   /_/      |_| |_____|____/ |_|   |_|   |_____|_| \_|____/___|_| \_|\____|
                                                                                

TEST PENDING: Search for an automation course
---------------------------------------------------------------------------------
]]></system-err>
</testsuite>
